{
  "0 debug pnpm:scope": {
    "selected": 1
  },
  "1 error pnpm": {
    "code": "ELIFECYCLE",
    "errno": "ENOENT",
    "syscall": "spawn",
    "file": "sh",
    "pkgid": "svelte-selected@4.4.3",
    "stage": "dev",
    "script": "rollup -cw",
    "pkgname": "svelte-selected",
    "err": {
      "name": "pnpm",
      "message": "svelte-selected@4.4.3 dev: `rollup -cw`\nspawn ENOENT",
      "code": "ELIFECYCLE",
      "stack": "pnpm: svelte-selected@4.4.3 dev: `rollup -cw`\nspawn ENOENT\n    at ChildProcess.<anonymous> (/home/michael/.nvm/versions/node/v16.10.0/lib/node_modules/pnpm/dist/pnpm.cjs:93136:22)\n    at ChildProcess.emit (node:events:390:28)\n    at maybeClose (node:internal/child_process:1064:16)\n    at Process.ChildProcess._handle.onexit (node:internal/child_process:301:5)"
    }
  },
  "2 warn pnpm:global": " Local package.json exists, but node_modules missing, did you mean to install?"
}